Starting TWRP 3.7.0_9-0-9d26b749 on Fri Jan 16 00:46:52 1970
 (pid 194)
RECOVERY_SDCARD_ON_DATA := true
I:Lun file '/sys/devices/platform/msm_hsusb/gadget/lun0/file'
TW_INCLUDE_CRYPTO := true
I:Found brightness file at '/sys/class/leds/lcd-backlight/brightness'
I:Got max brightness 255 from '/sys/class/leds/lcd-backlight/max_brightness'
I:TWFunc::Set_Brightness: Setting brightness control to 255
I:LANG: en
Starting the UI...
setting DRM_FORMAT_RGB565 and GGL_PIXEL_FORMAT_RGB_565
cannot find/open a drm device: No such file or directory
fb0 reports (possibly inaccurate):
  vi.bits_per_pixel = 32
  vi.red.offset   =   0   .length =   8
  vi.green.offset =   8   .length =   8
  vi.blue.offset  =  16   .length =   8
setting GGL_PIXEL_FORMAT_RGBA_8888
double buffered
framebuffer: 0 (720 x 1280)
Using fbdev graphics.
I:TWFunc::Set_Brightness: Setting brightness control to 255
TW_SCREEN_BLANK_ON_BOOT := true
I:TWFunc::Set_Brightness: Setting brightness control to 0
I:TWFunc::Set_Brightness: Setting brightness control to 255
I:Loading package: splash (/twres/splash.xml)
I:Load XML directly
I:PageManager::LoadFileToBuffer loading filename: '/twres/splash.xml' directly
I:Checking resolution...
I:Scaling theme width 0.666667x and height 0.666667x, offsets x: 0 y: 0 w: 0 h: 0
I:Loading resources...
I:Loading variables...
I:Loading mouse cursor...
I:Loading pages...
I:Loading page splash
I:Switching packages (splash)
I:Blacklisting input device: hbtp_vm
=> Linking mtab
=> Processing /etc/twrp.fstab for SAR-detection
I:Reading /etc/twrp.fstab
I:Done processing fstab files
I:SAR-DETECT: Non-SAR System detected
=> Processing /etc/twrp.fstab
I:Reading /etc/twrp.fstab
I:Processing '/system'
I:Processing '/system_image'
I:Processing '/data'
I:Processing '/cache'
I:Processing '/boot'
I:Processing '/recovery'
I:Processing '/persist'
I:Created '/persist' folder.
I:TWFunc::Fixup_Time: Pre-fix date and time: 1970-01-16--00-46-53
I:TWFunc::Fixup_Time: Setting time offset from file /sys/class/rtc/rtc0/since_epoch
I:TWFunc::Fixup_Time: will attempt to use the ats files now.
I:TWFunc::Fixup_Time: no ats files found, leaving untouched!
I:Processing '/firmware'
I:Processing '/misc'
I:Processing '/external_sd'
I:Created '/external_sd' folder.
I:Processing '/usb_otg'
I:Created '/usb_otg' folder.
I:Done processing fstab files
I:Setting up '/data' as data/media emulated storage.
I:mount -o bind '/data/media' '/sdcard' process ended with RC=0
I:mount -o bind '/data/media/0' '/sdcard' process ended with RC=0
I:Setting up '/data' as data/media emulated storage.
I:mount -o bind '/data/media/0' '/sdcard' process ended with RC=0
I:No custom recovery folder found. Using TWRP as default.
I:Backup folder set to '/data/media/0/TWRP/BACKUPS/0027599853'
I:Settings storage is '/data/media/0'
I:Decrypt adopted storage starting
I:PageManager::LoadFileToBuffer loading filename: '/data/system/storage.xml' directly
I:No /data/system/storage.xml for adopted storage
Updating partition details...
I:Data backup size is 88MB, free: 10418MB.
I:Unable to mount '/external_sd'
I:Actual block device: '', current file system: 'auto'
I:Unable to mount '/usb_otg'
I:Actual block device: '', current file system: 'auto'
...done
I:Unmounting main partitions...


Partition Logs:
/system | /dev/block/mmcblk0p39 | Size: 2479MB Used: 1313MB Free: 1166MB Backup Size: 1313MB
   Flags: Can_Be_Mounted Can_Be_Wiped Can_Be_Backed_Up Wipe_Available_in_GUI IsPresent Mount_Read_Only 
   Primary_Block_Device: /dev/block/mmcblk0p39
   Display_Name: System
   Storage_Name: System
   Backup_Path: /system
   Backup_Name: system
   Backup_Display_Name: System
   Storage_Path: /system
   Current_File_System: ext4
   Fstab_File_System: ext4
   Backup_Method: files

/system_image | /dev/block/mmcblk0p39 | Size: 2560MB
   Flags: Can_Be_Backed_Up IsPresent Can_Flash_Img 
   Primary_Block_Device: /dev/block/mmcblk0p39
   Display_Name: System Image
   Storage_Name: system_image
   Backup_Path: /system_image
   Backup_Name: system_image
   Backup_Display_Name: System Image
   Storage_Path: /system_image
   Current_File_System: emmc
   Fstab_File_System: emmc
   Backup_Method: dd

/data | /dev/block/mmcblk0p41 | Size: 11227MB Used: 88MB Free: 10418MB Backup Size: 88MB
   Flags: Can_Be_Mounted Can_Be_Wiped Can_Be_Backed_Up Wipe_During_Factory_Reset Wipe_Available_in_GUI IsPresent Can_Be_Encrypted Has_Data_Media Can_Encrypt_Backup Use_Userdata_Encryption Is_Storage Is_Settings_Storage 
   Symlink_Path: /data/media/0
   Symlink_Mount_Point: /sdcard
   Primary_Block_Device: /dev/block/mmcblk0p41
   Crypto_Key_Location: /dev/block/bootdevice/by-name/metadata
   Display_Name: Data
   Storage_Name: Internal Storage
   Backup_Path: /data
   Backup_Name: data
   Backup_Display_Name: Data
   Storage_Path: /data/media/0
   Current_File_System: f2fs
   Fstab_File_System: f2fs
   Backup_Method: files
   Mount_Flags: 3078, Mount_Options: discard,inline_xattr,inline_data
   MTP_Storage_ID: 65537

/cache | /dev/block/mmcblk0p38 | Size: 231MB Used: 0MB Free: 231MB Backup Size: 0MB
   Flags: Can_Be_Mounted Can_Be_Wiped Can_Be_Backed_Up Wipe_During_Factory_Reset Wipe_Available_in_GUI IsPresent 
   Primary_Block_Device: /dev/block/mmcblk0p38
   Display_Name: Cache
   Storage_Name: Cache
   Backup_Path: /cache
   Backup_Name: cache
   Backup_Display_Name: Cache
   Storage_Path: /cache
   Current_File_System: ext4
   Fstab_File_System: auto
   Backup_Method: files

/boot | /dev/block/mmcblk0p31 | Size: 16MB
   Flags: Can_Be_Backed_Up IsPresent Can_Flash_Img 
   Primary_Block_Device: /dev/block/mmcblk0p31
   Display_Name: Boot
   Storage_Name: boot
   Backup_Path: /boot
   Backup_Name: boot
   Backup_Display_Name: Boot
   Storage_Path: /boot
   Current_File_System: emmc
   Fstab_File_System: emmc
   Backup_Method: dd

/recovery | /dev/block/mmcblk0p32 | Size: 16MB
   Flags: Can_Be_Backed_Up IsPresent Can_Flash_Img 
   Primary_Block_Device: /dev/block/mmcblk0p32
   Display_Name: Recovery
   Storage_Name: recovery
   Backup_Path: /recovery
   Backup_Name: recovery
   Backup_Display_Name: Recovery
   Storage_Path: /recovery
   Current_File_System: emmc
   Fstab_File_System: emmc
   Backup_Method: dd

/persist | /dev/block/mmcblk0p29 | Size: 3MB Used: 0MB Free: 3MB Backup Size: 0MB
   Flags: Can_Be_Mounted Can_Be_Wiped IsPresent Mount_To_Decrypt 
   Primary_Block_Device: /dev/block/mmcblk0p29
   Display_Name: persist
   Storage_Name: persist
   Backup_Path: /persist
   Backup_Name: persist
   Backup_Display_Name: persist
   Storage_Path: /persist
   Current_File_System: ext4
   Fstab_File_System: ext4
   Backup_Method: files
   Mount_Flags: 1030, Mount_Options: barrier=1,noauto_da_alloc

/firmware | /dev/block/mmcblk0p1 | Size: 35MB Used: 31MB Free: 3MB Backup Size: 31MB
   Flags: Can_Be_Mounted Can_Be_Wiped IsPresent Mount_To_Decrypt Mount_Read_Only 
   Primary_Block_Device: /dev/block/mmcblk0p1
   Display_Name: firmware
   Storage_Name: firmware
   Backup_Path: /firmware
   Backup_Name: firmware
   Backup_Display_Name: firmware
   Storage_Path: /firmware
   Current_File_System: ext4
   Fstab_File_System: ext4
   Backup_Method: files
   Mount_Flags: 6, Mount_Options: barrier=0,context=u:object_r:fsg_file:s0

/misc | /dev/block/mmcblk0p9 | Size: 0MB
   Flags: IsPresent 
   Primary_Block_Device: /dev/block/mmcblk0p9
   Display_Name: misc
   Storage_Name: misc
   Backup_Path: /misc
   Backup_Name: misc
   Backup_Display_Name: misc
   Storage_Path: /misc
   Current_File_System: emmc
   Fstab_File_System: emmc
   Backup_Method: dd

/external_sd |  | Size: 0MB Used: 0MB Free: 0MB Backup Size: 0MB
   Flags: Can_Be_Mounted Can_Be_Wiped Wipe_Available_in_GUI Removable Is_Storage 
   Primary_Block_Device: /dev/block/mmcblk1p1
   Alternate_Block_Device: /dev/block/mmcblk1
   Display_Name: MicroSD Card
   Storage_Name: MicroSD Card
   Backup_Path: /external_sd
   Backup_Name: external_sd
   Backup_Display_Name: MicroSD Card
   Storage_Path: /external_sd
   Current_File_System: auto
   Fstab_File_System: auto
   Backup_Method: files
   MTP_Storage_ID: 65538

/usb_otg |  | Size: 0MB Used: 0MB Free: 0MB Backup Size: 0MB
   Flags: Can_Be_Mounted Can_Be_Wiped Wipe_Available_in_GUI Removable Is_Storage 
   Primary_Block_Device: /dev/block/sda1
   Alternate_Block_Device: /dev/block/sda
   Display_Name: USB-OTG
   Storage_Name: USB-OTG
   Backup_Path: /usb_otg
   Backup_Name: usb_otg
   Backup_Display_Name: USB-OTG
   Storage_Path: /usb_otg
   Current_File_System: auto
   Fstab_File_System: auto
   Backup_Method: files
   MTP_Storage_ID: 65539

I:Loading package: TWRP (/data/media/0/TWRP/theme/ui.zip)
I:Loading zip theme
I:Loading package: TWRP (/twres/ui.xml)
I:Load XML directly
I:PageManager::LoadFileToBuffer loading filename: '/twres/languages/uk.xml' directly
I:PageManager::LoadFileToBuffer loading filename: '/twres/languages/tr.xml' directly
I:PageManager::LoadFileToBuffer loading filename: '/twres/languages/sv.xml' directly
I:PageManager::LoadFileToBuffer loading filename: '/twres/languages/sl.xml' directly
I:PageManager::LoadFileToBuffer loading filename: '/twres/languages/sk.xml' directly
I:PageManager::LoadFileToBuffer loading filename: '/twres/languages/ru.xml' directly
I:PageManager::LoadFileToBuffer loading filename: '/twres/languages/pt_PT.xml' directly
I:PageManager::LoadFileToBuffer loading filename: '/twres/languages/pt_BR.xml' directly
I:PageManager::LoadFileToBuffer loading filename: '/twres/languages/pl.xml' directly
I:PageManager::LoadFileToBuffer loading filename: '/twres/languages/nl.xml' directly
I:PageManager::LoadFileToBuffer loading filename: '/twres/languages/it.xml' directly
I:PageManager::LoadFileToBuffer loading filename: '/twres/languages/id.xml' directly
I:PageManager::LoadFileToBuffer loading filename: '/twres/languages/hu.xml' directly
I:PageManager::LoadFileToBuffer loading filename: '/twres/languages/fr.xml' directly
I:PageManager::LoadFileToBuffer loading filename: '/twres/languages/es.xml' directly
I:PageManager::LoadFileToBuffer loading filename: '/twres/languages/en.xml' directly
I:PageManager::LoadFileToBuffer loading filename: '/twres/languages/el.xml' directly
I:PageManager::LoadFileToBuffer loading filename: '/twres/languages/de.xml' directly
I:PageManager::LoadFileToBuffer loading filename: '/twres/languages/cz.xml' directly
I:PageManager::LoadFileToBuffer loading filename: '/twres/languages/en.xml' directly
parsing languageFile
parsing languageFile done
I:PageManager::LoadFileToBuffer loading filename: '/twres/ui.xml' directly
I:Checking resolution...
I:Scaling theme width 0.666667x and height 0.666667x, offsets x: 0 y: 0 w: 0 h: 0
I:Loading resources...
I:Failed to load image from indeterminate013, error -1
I:Loading variables...
I:Loading mouse cursor...
I:Loading pages...
I:Including file: /twres/portrait.xml...
I:PageManager::LoadFileToBuffer loading filename: '/twres/portrait.xml' directly
I:Loading resources...
I:Loading variables...
I:Loading mouse cursor...
I:Loading pages...
I:Loading page main
I:Loading page main2
I:Loading page install
I:Loading page flash_confirm
I:Loading page flash_zip
I:Loading page flash_done
I:Loading page flash_sleep_and_reboot
I:Loading page flashimage_confirm
I:Loading page clear_vars
I:Loading page reboot_system_routine
I:Loading page confirm_action
I:Loading page action_page
I:Loading page singleaction_page
I:Loading page action_complete
I:Loading page filecheck
I:Loading page rebootcheck
I:Loading page wipe
I:Loading page advancedwipe
I:Loading page formatdata
I:Loading page formatdata_confirm
I:Loading page checkpartitionlist
I:Loading page partitionoptions
I:Loading page refreshfilesystem
I:Loading page selectfilesystem
I:Loading page backup
I:Loading page multiuser_warning
I:Loading page backup_options
I:Loading page backupname1
I:Loading page backupname2
I:Loading page backupencryption
I:Loading page backupencryption2
I:Loading page checkbackuppassword
I:Loading page backup_run
I:Loading page restore
I:Unable to open '/data/media/0/TWRP/BACKUPS/0027599853'
I:Loading page restore_read
I:Loading page restore_decrypt
I:Loading page try_restore_decrypt
I:Loading page restore_select
I:Loading page renamebackup
I:Loading page restore_run
I:Loading page mount
I:Loading page usb_mount
I:Loading page usb_umount
I:Loading page system_readonly_check
I:Loading page reboot
I:Loading page installapp
I:Loading page system_readonly
I:Loading page settings
I:Loading page settings_timezone
I:Loading page settings_screen
I:Loading page settings_vibration
I:Loading page settings_language
I:Loading page copylog
I:Loading page advanced
I:Loading page partsdcardsel
I:Loading page partsdcardcheck
I:Loading page partsdcard
I:Loading page htcdumlock
I:Loading page repackselect
I:Loading page repackconfirm
I:Loading page lock
I:Loading page filemanagerlist
I:Loading page filemanageroptions
I:Loading page choosedestinationfolder
I:Loading page filemanagerrenamefile
I:Loading page filemanagerrenamefolder
I:Loading page filemanagerchmod
I:Loading page filemanagerconfirm
I:Loading page filemanageraction
I:Loading page decrypt
I:Loading page decrypt_pattern
I:Loading page decrypt_pin
I:Loading page trydecrypt
I:Loading page canceldecrypt
I:Loading page terminalcommand
I:Loading page sideload
I:Loading page fixcontexts
I:Loading page slideout
I:Loading page select_storage
I:Loading page select_language
I:Loading page decrypt_users
I:Loading page changeTwrpFolder
I:Set page: 'clear_vars'
I:Set page: 'main2'
I:Switching packages (TWRP)
Startup Commands: 
ro.boot.btmacaddr=CC:61:E5:67:A6:DC
ro.boot.bootreason=reboot
ro.boottime.adbd=6261797628
ro.boottime.init=5784
ro.boottime.init.selinux=159
ro.boottime.init.cold_boot_wait=253
ro.boottime.ueventd=5985799580
ro.boottime.recovery=6259434035
ro.boottime.prepdecrypt=6254774763
ro.boottime.sbinqseecomd=6469703899
ro.boottime.keymaster-3-0=6501915361
ro.boottime.gatekeeper-1-0=6502719996
ro.boottime.servicemanager=6503637861
ro.boottime.set_permissive=6258611587
ro.boottime.hwservicemanager=6501076975
ro.config.ringtone=omni_ringtone1.ogg,omni_ringtone1.ogg
ro.config.alarm_alert=omni_alarm1.ogg
ro.config.notification_sound=omni_notification1.ogg
ro.dalvik.vm.native.bridge=0
dalvik.vm.isa.arm.variant=cortex-a53
dalvik.vm.isa.arm.features=default
dalvik.vm.dexopt.secondary=true
dalvik.vm.usejit=true
dalvik.vm.lockprof.threshold=500
dalvik.vm.dex2oat-Xms=64m
dalvik.vm.dex2oat-Xmx=512m
dalvik.vm.appimageformat=lz4
dalvik.vm.usejitprofiles=true
dalvik.vm.stack-trace-dir=/data/anr
dalvik.vm.image-dex2oat-Xms=64m
dalvik.vm.image-dex2oat-Xmx=64m
dalvik.vm.image-dex2oat-filter=verify-at-runtime
dalvik.vm.dex2oat-minidebuginfo=true
debug.atrace.tags.enableflags=0
ro.adb.secure=0
ro.adb.nonblocking_ffs=0
ro.art.hiddenapi.warning=1
ro.com.google.clientidbase=android-google
ro.com.android.dataroaming=false
ro.com.android.wifi-watchlist=GoogleGuest
ro.opa.eligible_device=true
ro.url.legal=http://www.google.com/intl/%s/mobile/android/basic/phone-legal.html
ro.boot.cid=0x32
ro.boot.emmc=true
ro.boot.mode=normal
ro.boot.hwrev=0x81B0
ro.boot.radio=Brazil
ro.boot.device=harpia
ro.boot.fsg-id=
ro.boot.carrier=amxbr
ro.boot.dualsim=true
ro.boot.selinux=permissive
ro.boot.baseband=msm
ro.boot.bl_state=2
ro.boot.hardware=qcom
ro.boot.hardware.sku=XT1600
ro.boot.bootdevice=7824900.sdhci
ro.boot.bootloader=0x8112
ro.boot.build_vars=black
ro.boot.wifimacaddr=CC:61:E5:67:A6:DD,CC:61:E5:67:A6:DE
ro.boot.write_protect=0
ro.boot.powerup_reason=0x00004000
ro.boot.secure_hardware=1
ro.omni.device=harpia
ro.omni.version=16.1.0-20221006-harpia-HOMEMADE
ro.omni.version.security_patch=
ro.twrp.sar=false
ro.twrp.boot=1
ro.twrp.version=3.7.0_9-0
ro.vndk.lite=true
ro.vndk.version=28
ro.wifi.channels=
ro.allow.mock.location=1
ro.build.id=PQ2A.190405.003
ro.build.date=Thu Oct  6 04:45:19 UTC 2022
ro.build.date.utc=1665031519
ro.build.host=47500d465f51
ro.build.tags=test-keys
ro.build.type=eng
ro.build.user=
ro.build.flavor=omni_harpia-eng
ro.build.display.id=omni_harpia-eng 16.1.0 PQ2A.190405.003 23 test-keys
ro.build.product=harpia
ro.build.selinux=1
ro.build.version.sdk=28
ro.build.version.base_os=
ro.build.version.release=16.1.0
ro.build.version.codename=REL
ro.build.version.incremental=23
ro.build.version.preview_sdk=0
ro.build.version.all_codenames=REL
ro.build.version.security_patch=2029-10-01
ro.build.version.min_supported_target_sdk=17
ro.build.description=omni_harpia-eng 16.1.0 PQ2A.190405.003 23 test-keys
ro.build.characteristics=default
ro.bionic.ld.warning=1
ro.kernel.android.checkjni=1
ro.secure=0
ro.treble.enabled=false
ro.zygote=zygote32
ro.carrier=unknown
ro.product.cpu.abi=armeabi-v7a
ro.product.cpu.abi2=armeabi
ro.product.cpu.abilist=armeabi-v7a,armeabi
ro.product.cpu.abilist32=armeabi-v7a,armeabi
ro.product.cpu.abilist64=
ro.product.name=omni_harpia
ro.product.brand=Motorola
ro.product.model=Moto G Play
ro.product.device=harpia
ro.product.locale=en-US
ro.product.manufacturer=Motorola
ro.baseband=msm
ro.bootmode=normal
ro.hardware=qcom
ro.revision=0
ro.services.whitelist.packagelist=com.google.android.gms
ro.bootimage.build.date=Thu Oct 6 04:45:19 UTC 2022
ro.bootimage.build.date.utc=1665031519
ro.bootimage.build.fingerprint=Motorola/omni_harpia/harpia:16.1.0/PQ2A.190405.003/23:eng/test-keys
ro.bootloader=0x8112
ro.debuggable=1
ro.modversion=OmniROM-16.1.0-20221006-harpia-HOMEMADE
ro.setupwizard.enterprise_mode=1
ro.property_service.version=2
ro.control_privapp_permissions=enforce
ro.actionable_compatible_property.enabled=false
init.svc.adbd=restarting
init.svc.ueventd=running
init.svc.recovery=running
init.svc.prepdecrypt=stopped
init.svc.sbinqseecomd=running
init.svc.keymaster-3-0=restarting
init.svc.gatekeeper-1-0=restarting
init.svc.servicemanager=running
init.svc.set_permissive=stopped
init.svc.hwservicemanager=running
twrp.crash_counter=0
twrp.action_complete=0
crypto.ready=1
persist.adb.nonblocking_ffs=0
keyguard.no_require_sim=true
tombstoned.max_tombstone_count=50
sys.usb.ffs.aio_compat=1
ro.build.fingerprint=Motorola/omni_harpia/harpia:16.1.0/PQ2A.190405.003/23:eng/test-keys
hwservicemanager.ready=true
log.tag.stats_log=I
ro.logd.size.stats=64K
ro.persistent_properties.ready=true
pm.dexopt.boot=extract
pm.dexopt.ab-ota=speed-profile
pm.dexopt.shared=speed
pm.dexopt.install=speed-profile
pm.dexopt.inactive=verify
pm.dexopt.bg-dexopt=speed-profile
pm.dexopt.first-boot=extract
ro.boot.serialno=0027599853
ro.serialno=0027599853
service.adb.root=1
net.bt.name=Android
net.tethering.noprovisioning=true
sys.usb.controller=msm_hsusb
sys.listeners.registered=true
persist.sys.usb.config=adb
persist.sys.dalvik.vm.lib.2=libart.so
persist.sys.disable_rescue=true
sys.usb.config=adb
ro.crypto.type=file
ro.crypto.state=encrypted

SELinux contexts loaded from /file_contexts
Full SELinux support is present.
tw_get_context got selinux context: u:object_r:media_rw_data_file:s0
I:Got default contexts and file mode for storage files.
I:TWFunc::Fixup_Time: Pre-fix date and time: 1970-01-16--00-46-55
I:TWFunc::Fixup_Time: Setting time offset from file /sys/class/rtc/rtc0/since_epoch
I:TWFunc::Fixup_Time: will attempt to use the ats files now.
I:TWFunc::Fixup_Time: Setting time offset from file /data/time/ats_2, offset 1779620419897
I:TWFunc::Fixup_Time: Date and time corrected: 2026-06-08--11-47-15
I:Copied file /cache/recovery/log.gz to /cache/recovery/last_log.gz
I:No custom recovery folder found. Using TWRP as default.
I:Attempt to load settings from settings file...
I:InfoManager loading from '/data/media/0/TWRP/.twrps'.
I:No custom recovery folder found. Using TWRP as default.
I:Backup folder set to '/data/media/0/TWRP/BACKUPS/0027599853'
I:Copied file /etc/recovery.fstab to /cache/recovery/recovery.fstab
I:Version number saved to '/cache/recovery/.version'
I:Unable to mount '/external_sd'
I:Actual block device: '', current file system: 'auto'
I:Unable to mount '/usb_otg'
I:Actual block device: '', current file system: 'auto'
I:TWFunc::Set_Brightness: Setting brightness control to 255
I:PageManager::LoadFileToBuffer loading filename: '/twres/languages/pt_BR.xml' directly
parsing languageFile
parsing languageFile done
I:Translating partition display names
I:No custom recovery folder found. Using TWRP as default.
I:Backup folder set to '/data/media/0/TWRP/BACKUPS/0027599853'
I:Starting MTP
I:sending message to add 65537 '/data/media/0' 'Armazenamento interno'
I:Message sent, add storage ID: 65537 '/data/media/0'
MTP-habilitado
I:[MTP] Starting MTP
I:Check_Lifetime_Writes result: '39220'
I:Starting Adb Backup FIFO
I:App not installed
I:Switching packages (TWRP)
I:Set page: 'main'
I:Set page: 'clear_vars'
I:Set page: 'main2'
I:[MTP] created new mtpserver object
E:[MTP] Failed to start usb driver!I:[MTP] mtppipe add storage 65537 '/data/media/0'
I:Set page: 'install'
I:Set page: 'flash_confirm'
I:Set page: 'flash_zip'
I:operation_start: 'Flashing'
Instalando o arquivo zip \'/sdcard/pmos-motorola-harpia.zip\'
Verificar a assinatura do zip...
I:Zip signature verification failed: 1
Falha de verificação de assinatura do arquivo zip!
Erro ao instalar o arquivo zip \'/sdcard/pmos-motorola-harpia.zip\'
Atualização de partição de detalhes...
I:Data backup size is 88MB, free: 10418MB.
I:Unable to mount '/external_sd'
I:Actual block device: '', current file system: 'auto'
I:Unable to mount '/usb_otg'
I:Actual block device: '', current file system: 'auto'
... feito
I:Set page: 'flash_done'
I:operation_end - status=1
I:Set page: 'clear_vars'
I:Set page: 'install'
I:Set page: 'flash_confirm'
I:Set page: 'flash_zip'
I:operation_start: 'Flashing'
Instalando o arquivo zip \'/sdcard/pmos-motorola-harpia.zip\'
Unmounting System...
I:Update binary zip
Verifying package compatibility...
Package doesn't contain compatibility.zip entry
I:Extracting updater binary 'META-INF/com/google/android/update-binary'
I:Zip does not contain SELinux file_contexts file in its root.
I:Legacy property environment not used in updater.
Archive:  /sdcard/pmos-motorola-harpia.zip
  inflating: /tmp/postmarketos/pmos_chroot
Archive:  /sdcard/pmos-motorola-harpia.zip
  inflating: /tmp/postmarketos/chroot_contents
Failed. Check /tmp/postmarketos/pmos.log for more info!
Updater processo terminou com erro: 1
I:Install took 1 second(s).
Erro ao instalar o arquivo zip \'/sdcard/pmos-motorola-harpia.zip\'
Atualização de partição de detalhes...
I:Data backup size is 88MB, free: 10418MB.
I:Unable to mount '/external_sd'
I:Actual block device: '', current file system: 'auto'
I:Unable to mount '/usb_otg'
I:Actual block device: '', current file system: 'auto'
... feito
I:Set page: 'flash_done'
I:operation_end - status=1
I:TWFunc::Set_Brightness: Setting brightness control to 5
I:TWFunc::Set_Brightness: Setting brightness control to 0
